0 info it worked if it ends with ok
1 verbose cli [ '/home/cabox/.nvm/versions/node/v5.2.0/bin/node',
1 verbose cli   '/home/cabox/.nvm/versions/node/v5.2.0/bin/npm',
1 verbose cli   'start' ]
2 info using npm@3.5.1
3 info using node@v5.2.0
4 verbose stack Error: ENOENT: no such file or directory, open '/home/cabox/workspace/Week9/views/package.json'
4 verbose stack     at Error (native)
5 verbose cwd /home/cabox/workspace/Week9/views
6 error Linux 2.6.32-042stab112.15
7 error argv "/home/cabox/.nvm/versions/node/v5.2.0/bin/node" "/home/cabox/.nvm/versions/node/v5.2.0/bin/npm" "start"
8 error node v5.2.0
9 error npm  v3.5.1
10 error path /home/cabox/workspace/Week9/views/package.json
11 error code ENOENT
12 error errno -2
13 error syscall open
14 error enoent ENOENT: no such file or directory, open '/home/cabox/workspace/Week9/views/package.json'
15 error enoent ENOENT: no such file or directory, open '/home/cabox/workspace/Week9/views/package.json'
15 error enoent This is most likely not a problem with npm itself
15 error enoent and is related to npm not being able to find a file.
16 verbose exit [ -2, true ]
